{
  "RSpec": {
    "coverage": {
      "/Users/oh/projects/tech_tests/till_tech_test/lib/till.rb": [
        1,
        null,
        1,
        1,
        1,
        null,
        1,
        13,
        13,
        13,
        13,
        null,
        null,
        1,
        1,
        null,
        null,
        1,
        16,
        16,
        null,
        null,
        1,
        2,
        null,
        null,
        1,
        10,
        null,
        null,
        null,
        null,
        null,
        null,
        null,
        null,
        null,
        null,
        null,
        null,
        20,
        10,
        null,
        null,
        1,
        null,
        1,
        16,
        16,
        null,
        null,
        1,
        16,
        null,
        null,
        1,
        30,
        null,
        null,
        1,
        10,
        null,
        null,
        1,
        10,
        11,
        null,
        null,
        null,
        1,
        30,
        null,
        null,
        1,
        20,
        null,
        null,
        1,
        18,
        null,
        null
      ]
    },
    "timestamp": 1453038867
  }
}
