{
  "RSpec": {
    "coverage": {
      "/Users/oh/projects/tech_tests/till_tech_test/spec/order_spec.rb": [
        1,
        null,
        1,
        5,
        5,
        null,
        1,
        null,
        null,
        null,
        1,
        1,
        1,
        null,
        null,
        1,
        4,
        null,
        null,
        1,
        1,
        null,
        null,
        1,
        1,
        1,
        null,
        null,
        1,
        1,
        null,
        null,
        null,
        null,
        null,
        null,
        null,
        null,
        null,
        null,
        null,
        null,
        null,
        null,
        null,
        null,
        null,
        null,
        null,
        null,
        null,
        null,
        null,
        null,
        null,
        null,
        null,
        null,
        null,
        null,
        null,
        null,
        null,
        null,
        null,
        null,
        null,
        null,
        null,
        null,
        null,
        null,
        null,
        null,
        null,
        null,
        null,
        null,
        null,
        null
      ],
      "/Users/oh/projects/tech_tests/till_tech_test/spec/restaurant_spec.rb": [
        null,
        null,
        null,
        null,
        null,
        null,
        null,
        null,
        null,
        null,
        null,
        null,
        null,
        null,
        null,
        null
      ],
      "/Users/oh/projects/tech_tests/till_tech_test/spec/shop_spec.rb": [
        1,
        null,
        1,
        null,
        1,
        2,
        3,
        2,
        null,
        null,
        1,
        1,
        null,
        null,
        1,
        1,
        null,
        null,
        null
      ],
      "/Users/oh/projects/tech_tests/till_tech_test/spec/till_spec.rb": [
        1,
        1,
        null,
        null,
        1,
        3,
        3,
        3,
        3,
        1,
        1,
        null,
        1,
        null,
        2,
        null,
        null,
        null,
        1,
        1,
        4,
        null,
        null,
        1,
        1,
        1,
        null,
        null,
        null
      ]
    },
    "timestamp": 1453733731
  }
}
